<?xml version="1.0" encoding="UTF-8"?>
<testsuite xmlns:xsi="http://www.w3.org/2001/XMLSchema-instance" xsi:schemaLocation="https://maven.apache.org/surefire/maven-surefire-plugin/xsd/surefire-test-report.xsd" name="com.accenture.features.search.SearchByKeywordStory" time="57.981" tests="1" errors="0" skipped="0" failures="0">
  <properties>
[...]
</properties>
  <testcase name="search_results_should_show_the_search_term_in_the_title" classname="com.accenture.features.search.SearchByKeywordStory" time="53.411"/>
</testsuite>